2021-10-03 12:13:49,009 - instabot version: 0.117.0 (bot) - INFO - Instabot version: 0.117.0 Started
2021-10-03 12:13:49,010 - instabot version: 0.117.0 (bot) - DEBUG - Bot imported from /home/nacreousdawn596/.local/lib/python3.8/site-packages/instabot/bot/bot.py
2021-10-03 12:13:49,011 - instabot version: 0.117.0 (api_login) - INFO - Not yet logged in starting: PRE-LOGIN FLOW!
2021-10-03 12:13:49,468 - instabot version: 0.117.0 (api) - DEBUG - POST to endpoint: accounts/get_prefill_candidates/ returned response: <Response [200]>
2021-10-03 12:13:49,913 - instabot version: 0.117.0 (api) - DEBUG - POST to endpoint: qe/sync/ returned response: <Response [200]>
2021-10-03 12:13:50,295 - instabot version: 0.117.0 (api) - DEBUG - POST to endpoint: launcher/sync/ returned response: <Response [200]>
2021-10-03 12:13:50,663 - instabot version: 0.117.0 (api) - DEBUG - POST to endpoint: accounts/contact_point_prefill/ returned response: <Response [200]>
2021-10-03 12:13:52,422 - instabot version: 0.117.0 (api) - DEBUG - POST to endpoint: accounts/login/ returned response: <Response [200]>
2021-10-03 12:13:52,422 - instabot version: 0.117.0 (api) - INFO - Logged-in successfully as 'NacreousDawn596'!
2021-10-03 12:13:52,423 - instabot version: 0.117.0 (api_login) - INFO - LOGIN FLOW! Just logged-in: True
2021-10-03 12:13:53,049 - instabot version: 0.117.0 (api) - DEBUG - POST to endpoint: qe/sync/ returned response: <Response [200]>
2021-10-03 12:13:53,495 - instabot version: 0.117.0 (api) - DEBUG - POST to endpoint: launcher/sync/ returned response: <Response [200]>
2021-10-03 12:13:54,049 - instabot version: 0.117.0 (api) - DEBUG - GET to endpoint: zr/token/result/?device_id=android-1d5c4a7fa1ece4b5&token_hash=&custom_device_id=android-1d5c4a7fa1ece4b5&fetch_reason=token_expired returned response: <Response [200]>
2021-10-03 12:13:54,389 - instabot version: 0.117.0 (api) - DEBUG - GET to endpoint: multiple_accounts/get_account_family/ returned response: <Response [200]>
2021-10-03 12:13:54,868 - instabot version: 0.117.0 (api) - DEBUG - POST to endpoint: qe/sync/ returned response: <Response [200]>
2021-10-03 12:13:55,641 - instabot version: 0.117.0 (api) - DEBUG - GET to endpoint: igtv/browse_feed/?prefetch=1 returned response: <Response [500]>
2021-10-03 12:13:55,641 - instabot version: 0.117.0 (api) - DEBUG - Responsecode indicates error; response content: b'Oops, an error occurred.\n'
2021-10-03 12:13:55,642 - instabot version: 0.117.0 (api) - ERROR - Request returns 500 error!
2021-10-03 12:13:55,642 - instabot version: 0.117.0 (api) - ERROR - Error checking for `feedback_required`, response text is not JSON
2021-10-03 12:13:55,643 - instabot version: 0.117.0 (api) - INFO - Full Response: <Response [500]>
2021-10-03 12:13:55,643 - instabot version: 0.117.0 (api) - INFO - Response Text: Oops, an error occurred.

2021-10-03 12:13:55,644 - instabot version: 0.117.0 (api) - ERROR - Error unknown send request
2021-10-03 12:13:56,004 - instabot version: 0.117.0 (api) - DEBUG - POST to endpoint: creatives/ar_class/ returned response: <Response [200]>
2021-10-03 12:13:56,501 - instabot version: 0.117.0 (api) - DEBUG - POST to endpoint: feed/reels_tray/ returned response: <Response [200]>
2021-10-03 12:13:58,802 - instabot version: 0.117.0 (api) - DEBUG - POST to endpoint: feed/timeline/ returned response: <Response [200]>
2021-10-03 12:13:59,430 - instabot version: 0.117.0 (api) - DEBUG - GET to endpoint: media/blocked/ returned response: <Response [200]>
2021-10-03 12:14:00,239 - instabot version: 0.117.0 (api) - DEBUG - GET to endpoint: news/inbox/ returned response: <Response [200]>
2021-10-03 12:14:00,704 - instabot version: 0.117.0 (api) - DEBUG - GET to endpoint: loom/fetch_config/ returned response: <Response [200]>
2021-10-03 12:14:01,093 - instabot version: 0.117.0 (api) - DEBUG - GET to endpoint: scores/bootstrap/users/?surfaces=["autocomplete_user_list","coefficient_besties_list_ranking","coefficient_rank_recipient_user_suggestion","coefficient_ios_section_test_bootstrap_ranking","coefficient_direct_recipients_ranking_variant_2"] returned response: <Response [200]>
2021-10-03 12:14:01,452 - instabot version: 0.117.0 (api) - DEBUG - GET to endpoint: business/eligibility/get_monetization_products_eligibility_data/?product_types=branded_content returned response: <Response [200]>
2021-10-03 12:14:01,767 - instabot version: 0.117.0 (api) - DEBUG - GET to endpoint: business/branded_content/should_require_professional_account/ returned response: <Response [200]>
2021-10-03 12:14:02,130 - instabot version: 0.117.0 (api) - DEBUG - GET to endpoint: linked_accounts/get_linkage_status/ returned response: <Response [200]>
2021-10-03 12:14:02,524 - instabot version: 0.117.0 (api) - DEBUG - GET to endpoint: locations/request_country/ returned response: <Response [200]>
2021-10-03 12:14:02,940 - instabot version: 0.117.0 (api) - DEBUG - GET to endpoint: qp/get_cooldowns/?signed_body=signed_body=4b9c516a5410a3bc128e09c6104a7f042146b9c2023870560c63a43a7f66781c.4&ig_sig_key_version=4&ig_sig_key_version=4 returned response: <Response [200]>
2021-10-03 12:14:03,288 - instabot version: 0.117.0 (api) - DEBUG - GET to endpoint: users/arlink_download_info/?version_override=2.2.1 returned response: <Response [200]>
2021-10-03 12:14:04,071 - instabot version: 0.117.0 (api) - DEBUG - GET to endpoint: users/47846833153/info/ returned response: <Response [200]>
2021-10-03 12:14:05,058 - instabot version: 0.117.0 (api) - DEBUG - GET to endpoint: direct_v2/get_presence/ returned response: <Response [200]>
2021-10-03 12:14:05,731 - instabot version: 0.117.0 (api) - DEBUG - GET to endpoint: direct_v2/inbox/?visual_message_return_type=unseen&thread_message_limit=10&persistentBadging=true&limit=20 returned response: <Response [200]>
2021-10-03 12:14:06,307 - instabot version: 0.117.0 (api) - DEBUG - GET to endpoint: direct_v2/inbox/?visual_message_return_type=unseen&persistentBadging=true&limit=0 returned response: <Response [200]>
2021-10-03 12:14:07,039 - instabot version: 0.117.0 (api) - DEBUG - GET to endpoint: discover/topical_explore/?is_prefetch=true&omit_cover_media=true&use_sectional_payload=true&timezone_offset=0&session_id=9b95bfa5-24dd-423e-a115-71e3089e9aec&include_fixed_destinations=true returned response: <Response [200]>
2021-10-03 12:14:07,474 - instabot version: 0.117.0 (api) - DEBUG - POST to endpoint: notifications/badge/ returned response: <Response [200]>
2021-10-03 12:14:08,129 - instabot version: 0.117.0 (api) - DEBUG - POST to endpoint: qp/batch_fetch/ returned response: <Response [200]>
2021-10-03 12:14:08,130 - instabot version: 0.117.0 (bot_checkpoint) - DEBUG - Loading Checkpoint file from: /home/nacreousdawn596/Documents/instagram/config/NacreousDawn596.checkpoint
2021-10-03 12:14:31,894 - instabot version: 0.117.0 (api) - DEBUG - POST to endpoint: media/configure/? returned response: <Response [200]>
2021-10-03 12:14:32,372 - instabot version: 0.117.0 (api) - DEBUG - POST to endpoint: qe/expose/ returned response: <Response [200]>
2021-10-03 12:14:32,377 - instabot version: 0.117.0 (bot_photo) - INFO - Photo 'post.jpeg' is uploaded.
2021-10-03 12:14:32,637 - instabot version: 0.117.0 (bot_checkpoint) - DEBUG - Saving Checkpoint file to: /home/nacreousdawn596/Documents/instagram/config/NacreousDawn596.checkpoint
2021-10-03 12:14:32,637 - instabot version: 0.117.0 (bot) - INFO - Total requests: 33
