2021-10-17 11:26:09,004 - instabot version: 0.117.0 (bot) - INFO - Instabot version: 0.117.0 Started
2021-10-17 11:26:09,009 - instabot version: 0.117.0 (bot) - DEBUG - Bot imported from /home/nacreousdawn596/.local/lib/python3.8/site-packages/instabot/bot/bot.py
2021-10-17 11:26:09,010 - instabot version: 0.117.0 (api_login) - INFO - Not yet logged in starting: PRE-LOGIN FLOW!
2021-10-17 11:26:09,367 - instabot version: 0.117.0 (api) - DEBUG - POST to endpoint: accounts/get_prefill_candidates/ returned response: <Response [200]>
2021-10-17 11:26:09,734 - instabot version: 0.117.0 (api) - DEBUG - POST to endpoint: qe/sync/ returned response: <Response [200]>
2021-10-17 11:26:10,082 - instabot version: 0.117.0 (api) - DEBUG - POST to endpoint: launcher/sync/ returned response: <Response [200]>
2021-10-17 11:26:10,483 - instabot version: 0.117.0 (api) - DEBUG - POST to endpoint: accounts/contact_point_prefill/ returned response: <Response [200]>
2021-10-17 11:26:12,986 - instabot version: 0.117.0 (api) - DEBUG - POST to endpoint: accounts/login/ returned response: <Response [200]>
2021-10-17 11:26:12,988 - instabot version: 0.117.0 (api) - INFO - Logged-in successfully as 'bruh_quotes_official'!
2021-10-17 11:26:12,993 - instabot version: 0.117.0 (api_login) - INFO - LOGIN FLOW! Just logged-in: True
2021-10-17 11:26:13,477 - instabot version: 0.117.0 (api) - DEBUG - POST to endpoint: qe/sync/ returned response: <Response [200]>
2021-10-17 11:26:13,887 - instabot version: 0.117.0 (api) - DEBUG - POST to endpoint: launcher/sync/ returned response: <Response [200]>
2021-10-17 11:26:14,334 - instabot version: 0.117.0 (api) - DEBUG - GET to endpoint: zr/token/result/?device_id=android-9def5abb09dbcc3a&token_hash=&custom_device_id=android-9def5abb09dbcc3a&fetch_reason=token_expired returned response: <Response [200]>
2021-10-17 11:26:14,735 - instabot version: 0.117.0 (api) - DEBUG - GET to endpoint: multiple_accounts/get_account_family/ returned response: <Response [200]>
2021-10-17 11:26:15,285 - instabot version: 0.117.0 (api) - DEBUG - POST to endpoint: qe/sync/ returned response: <Response [200]>
2021-10-17 11:26:15,865 - instabot version: 0.117.0 (api) - DEBUG - GET to endpoint: igtv/browse_feed/?prefetch=1 returned response: <Response [200]>
2021-10-17 11:26:16,265 - instabot version: 0.117.0 (api) - DEBUG - POST to endpoint: creatives/ar_class/ returned response: <Response [200]>
2021-10-17 11:26:16,736 - instabot version: 0.117.0 (api) - DEBUG - POST to endpoint: feed/reels_tray/ returned response: <Response [200]>
2021-10-17 11:26:17,908 - instabot version: 0.117.0 (api) - DEBUG - POST to endpoint: feed/timeline/ returned response: <Response [200]>
2021-10-17 11:26:18,363 - instabot version: 0.117.0 (api) - DEBUG - GET to endpoint: media/blocked/ returned response: <Response [200]>
2021-10-17 11:26:19,024 - instabot version: 0.117.0 (api) - DEBUG - GET to endpoint: news/inbox/ returned response: <Response [200]>
2021-10-17 11:26:19,415 - instabot version: 0.117.0 (api) - DEBUG - GET to endpoint: loom/fetch_config/ returned response: <Response [200]>
2021-10-17 11:26:19,894 - instabot version: 0.117.0 (api) - DEBUG - GET to endpoint: scores/bootstrap/users/?surfaces=["autocomplete_user_list","coefficient_besties_list_ranking","coefficient_rank_recipient_user_suggestion","coefficient_ios_section_test_bootstrap_ranking","coefficient_direct_recipients_ranking_variant_2"] returned response: <Response [200]>
2021-10-17 11:26:20,295 - instabot version: 0.117.0 (api) - DEBUG - GET to endpoint: business/eligibility/get_monetization_products_eligibility_data/?product_types=branded_content returned response: <Response [200]>
2021-10-17 11:26:20,864 - instabot version: 0.117.0 (api) - DEBUG - GET to endpoint: business/branded_content/should_require_professional_account/ returned response: <Response [200]>
2021-10-17 11:26:21,264 - instabot version: 0.117.0 (api) - DEBUG - GET to endpoint: linked_accounts/get_linkage_status/ returned response: <Response [200]>
2021-10-17 11:26:21,694 - instabot version: 0.117.0 (api) - DEBUG - GET to endpoint: locations/request_country/ returned response: <Response [200]>
2021-10-17 11:26:22,110 - instabot version: 0.117.0 (api) - DEBUG - GET to endpoint: qp/get_cooldowns/?signed_body=signed_body=4b9c516a5410a3bc128e09c6104a7f042146b9c2023870560c63a43a7f66781c.4&ig_sig_key_version=4&ig_sig_key_version=4 returned response: <Response [200]>
2021-10-17 11:26:22,578 - instabot version: 0.117.0 (api) - DEBUG - GET to endpoint: users/arlink_download_info/?version_override=2.2.1 returned response: <Response [200]>
2021-10-17 11:26:23,424 - instabot version: 0.117.0 (api) - DEBUG - GET to endpoint: users/49783138662/info/ returned response: <Response [200]>
2021-10-17 11:26:23,834 - instabot version: 0.117.0 (api) - DEBUG - GET to endpoint: direct_v2/get_presence/ returned response: <Response [200]>
2021-10-17 11:26:24,300 - instabot version: 0.117.0 (api) - DEBUG - GET to endpoint: direct_v2/inbox/?visual_message_return_type=unseen&thread_message_limit=10&persistentBadging=true&limit=20 returned response: <Response [200]>
2021-10-17 11:26:24,775 - instabot version: 0.117.0 (api) - DEBUG - GET to endpoint: direct_v2/inbox/?visual_message_return_type=unseen&persistentBadging=true&limit=0 returned response: <Response [200]>
2021-10-17 11:26:25,265 - instabot version: 0.117.0 (api) - DEBUG - GET to endpoint: discover/topical_explore/?is_prefetch=true&omit_cover_media=true&use_sectional_payload=true&timezone_offset=0&session_id=b920a70d-48e1-4484-a7a0-d7688f672788&include_fixed_destinations=true returned response: <Response [200]>
2021-10-17 11:26:25,693 - instabot version: 0.117.0 (api) - DEBUG - POST to endpoint: notifications/badge/ returned response: <Response [200]>
2021-10-17 11:26:26,343 - instabot version: 0.117.0 (api) - DEBUG - POST to endpoint: qp/batch_fetch/ returned response: <Response [200]>
2021-10-17 11:26:26,345 - instabot version: 0.117.0 (bot_checkpoint) - DEBUG - Loading Checkpoint file from: /home/nacreousdawn596/Documents/instagram/config/bruh_quotes_official.checkpoint
2021-10-17 11:26:48,588 - instabot version: 0.117.0 (api) - DEBUG - POST to endpoint: media/configure/? returned response: <Response [200]>
2021-10-17 11:26:49,004 - instabot version: 0.117.0 (api) - DEBUG - POST to endpoint: qe/expose/ returned response: <Response [200]>
2021-10-17 11:26:49,011 - instabot version: 0.117.0 (bot_photo) - INFO - Photo 'post.jpeg' is uploaded.
2021-10-17 11:26:49,613 - instabot version: 0.117.0 (bot) - INFO - Instabot version: 0.117.0 Started
2021-10-17 11:26:49,620 - instabot version: 0.117.0 (bot) - DEBUG - Bot imported from /home/nacreousdawn596/.local/lib/python3.8/site-packages/instabot/bot/bot.py
2021-10-17 11:26:49,623 - instabot version: 0.117.0 (api_login) - INFO - Not yet logged in starting: PRE-LOGIN FLOW!
2021-10-17 11:26:49,955 - instabot version: 0.117.0 (api) - DEBUG - POST to endpoint: accounts/get_prefill_candidates/ returned response: <Response [200]>
2021-10-17 11:26:50,594 - instabot version: 0.117.0 (api) - DEBUG - POST to endpoint: qe/sync/ returned response: <Response [200]>
2021-10-17 11:26:50,934 - instabot version: 0.117.0 (api) - DEBUG - POST to endpoint: launcher/sync/ returned response: <Response [200]>
2021-10-17 11:26:51,333 - instabot version: 0.117.0 (api) - DEBUG - POST to endpoint: accounts/contact_point_prefill/ returned response: <Response [200]>
2021-10-17 11:26:53,755 - instabot version: 0.117.0 (api) - DEBUG - POST to endpoint: accounts/login/ returned response: <Response [200]>
2021-10-17 11:26:53,758 - instabot version: 0.117.0 (api) - INFO - Logged-in successfully as 'bruh_quotes_official'!
2021-10-17 11:26:53,765 - instabot version: 0.117.0 (api_login) - INFO - LOGIN FLOW! Just logged-in: True
2021-10-17 11:26:54,545 - instabot version: 0.117.0 (api) - DEBUG - POST to endpoint: qe/sync/ returned response: <Response [200]>
2021-10-17 11:26:54,956 - instabot version: 0.117.0 (api) - DEBUG - POST to endpoint: launcher/sync/ returned response: <Response [200]>
2021-10-17 11:26:55,382 - instabot version: 0.117.0 (api) - DEBUG - GET to endpoint: zr/token/result/?device_id=android-9def5abb09dbcc3a&token_hash=&custom_device_id=android-9def5abb09dbcc3a&fetch_reason=token_expired returned response: <Response [200]>
2021-10-17 11:26:55,767 - instabot version: 0.117.0 (api) - DEBUG - GET to endpoint: multiple_accounts/get_account_family/ returned response: <Response [200]>
2021-10-17 11:26:56,234 - instabot version: 0.117.0 (api) - DEBUG - POST to endpoint: qe/sync/ returned response: <Response [200]>
2021-10-17 11:26:56,814 - instabot version: 0.117.0 (api) - DEBUG - GET to endpoint: igtv/browse_feed/?prefetch=1 returned response: <Response [200]>
2021-10-17 11:26:57,204 - instabot version: 0.117.0 (api) - DEBUG - POST to endpoint: creatives/ar_class/ returned response: <Response [200]>
2021-10-17 11:26:57,724 - instabot version: 0.117.0 (api) - DEBUG - POST to endpoint: feed/reels_tray/ returned response: <Response [200]>
2021-10-17 11:26:58,735 - instabot version: 0.117.0 (api) - DEBUG - POST to endpoint: feed/timeline/ returned response: <Response [200]>
2021-10-17 11:26:59,148 - instabot version: 0.117.0 (api) - DEBUG - GET to endpoint: media/blocked/ returned response: <Response [200]>
2021-10-17 11:26:59,827 - instabot version: 0.117.0 (api) - DEBUG - GET to endpoint: news/inbox/ returned response: <Response [200]>
2021-10-17 11:27:00,804 - instabot version: 0.117.0 (api) - DEBUG - GET to endpoint: loom/fetch_config/ returned response: <Response [200]>
2021-10-17 11:27:01,283 - instabot version: 0.117.0 (api) - DEBUG - GET to endpoint: scores/bootstrap/users/?surfaces=["autocomplete_user_list","coefficient_besties_list_ranking","coefficient_rank_recipient_user_suggestion","coefficient_ios_section_test_bootstrap_ranking","coefficient_direct_recipients_ranking_variant_2"] returned response: <Response [200]>
2021-10-17 11:27:01,775 - instabot version: 0.117.0 (api) - DEBUG - GET to endpoint: business/eligibility/get_monetization_products_eligibility_data/?product_types=branded_content returned response: <Response [200]>
2021-10-17 11:27:02,174 - instabot version: 0.117.0 (api) - DEBUG - GET to endpoint: business/branded_content/should_require_professional_account/ returned response: <Response [200]>
2021-10-17 11:27:02,694 - instabot version: 0.117.0 (api) - DEBUG - GET to endpoint: linked_accounts/get_linkage_status/ returned response: <Response [200]>
2021-10-17 11:27:03,075 - instabot version: 0.117.0 (api) - DEBUG - GET to endpoint: locations/request_country/ returned response: <Response [200]>
2021-10-17 11:27:03,481 - instabot version: 0.117.0 (api) - DEBUG - GET to endpoint: qp/get_cooldowns/?signed_body=signed_body=4b9c516a5410a3bc128e09c6104a7f042146b9c2023870560c63a43a7f66781c.4&ig_sig_key_version=4&ig_sig_key_version=4 returned response: <Response [200]>
2021-10-17 11:27:03,856 - instabot version: 0.117.0 (api) - DEBUG - GET to endpoint: users/arlink_download_info/?version_override=2.2.1 returned response: <Response [200]>
2021-10-17 11:27:04,586 - instabot version: 0.117.0 (api) - DEBUG - GET to endpoint: users/49783138662/info/ returned response: <Response [200]>
2021-10-17 11:27:04,985 - instabot version: 0.117.0 (api) - DEBUG - GET to endpoint: direct_v2/get_presence/ returned response: <Response [200]>
2021-10-17 11:27:05,414 - instabot version: 0.117.0 (api) - DEBUG - GET to endpoint: direct_v2/inbox/?visual_message_return_type=unseen&thread_message_limit=10&persistentBadging=true&limit=20 returned response: <Response [200]>
2021-10-17 11:27:05,836 - instabot version: 0.117.0 (api) - DEBUG - GET to endpoint: direct_v2/inbox/?visual_message_return_type=unseen&persistentBadging=true&limit=0 returned response: <Response [200]>
2021-10-17 11:27:06,274 - instabot version: 0.117.0 (api) - DEBUG - GET to endpoint: discover/topical_explore/?is_prefetch=true&omit_cover_media=true&use_sectional_payload=true&timezone_offset=0&session_id=7454fea4-2386-4e5f-8ab2-8c4dab7ac336&include_fixed_destinations=true returned response: <Response [200]>
2021-10-17 11:27:06,714 - instabot version: 0.117.0 (api) - DEBUG - POST to endpoint: notifications/badge/ returned response: <Response [200]>
2021-10-17 11:27:07,394 - instabot version: 0.117.0 (api) - DEBUG - POST to endpoint: qp/batch_fetch/ returned response: <Response [200]>
2021-10-17 11:27:07,395 - instabot version: 0.117.0 (bot_checkpoint) - DEBUG - Loading Checkpoint file from: /home/nacreousdawn596/Documents/instagram/config/bruh_quotes_official.checkpoint
2021-10-17 11:27:30,891 - instabot version: 0.117.0 (api) - DEBUG - POST to endpoint: media/configure/? returned response: <Response [200]>
2021-10-17 11:27:31,275 - instabot version: 0.117.0 (api) - DEBUG - POST to endpoint: qe/expose/ returned response: <Response [200]>
2021-10-17 11:27:31,283 - instabot version: 0.117.0 (bot_photo) - INFO - Photo 'post.jpeg' is uploaded.
2021-10-17 11:27:31,893 - instabot version: 0.117.0 (bot) - INFO - Instabot version: 0.117.0 Started
2021-10-17 11:27:31,898 - instabot version: 0.117.0 (bot) - DEBUG - Bot imported from /home/nacreousdawn596/.local/lib/python3.8/site-packages/instabot/bot/bot.py
2021-10-17 11:27:31,900 - instabot version: 0.117.0 (api_login) - INFO - Not yet logged in starting: PRE-LOGIN FLOW!
2021-10-17 11:27:32,233 - instabot version: 0.117.0 (api) - DEBUG - POST to endpoint: accounts/get_prefill_candidates/ returned response: <Response [200]>
2021-10-17 11:27:32,664 - instabot version: 0.117.0 (api) - DEBUG - POST to endpoint: qe/sync/ returned response: <Response [200]>
2021-10-17 11:27:33,105 - instabot version: 0.117.0 (api) - DEBUG - POST to endpoint: launcher/sync/ returned response: <Response [200]>
2021-10-17 11:27:33,414 - instabot version: 0.117.0 (api) - DEBUG - POST to endpoint: accounts/contact_point_prefill/ returned response: <Response [200]>
2021-10-17 11:27:35,946 - instabot version: 0.117.0 (api) - DEBUG - POST to endpoint: accounts/login/ returned response: <Response [200]>
2021-10-17 11:27:35,948 - instabot version: 0.117.0 (api) - INFO - Logged-in successfully as 'bruh_quotes_official'!
2021-10-17 11:27:35,955 - instabot version: 0.117.0 (api_login) - INFO - LOGIN FLOW! Just logged-in: True
2021-10-17 11:27:36,450 - instabot version: 0.117.0 (api) - DEBUG - POST to endpoint: qe/sync/ returned response: <Response [200]>
2021-10-17 11:27:36,874 - instabot version: 0.117.0 (api) - DEBUG - POST to endpoint: launcher/sync/ returned response: <Response [200]>
2021-10-17 11:27:37,264 - instabot version: 0.117.0 (api) - DEBUG - GET to endpoint: zr/token/result/?device_id=android-9def5abb09dbcc3a&token_hash=&custom_device_id=android-9def5abb09dbcc3a&fetch_reason=token_expired returned response: <Response [200]>
2021-10-17 11:27:37,686 - instabot version: 0.117.0 (api) - DEBUG - GET to endpoint: multiple_accounts/get_account_family/ returned response: <Response [200]>
2021-10-17 11:27:38,188 - instabot version: 0.117.0 (api) - DEBUG - POST to endpoint: qe/sync/ returned response: <Response [200]>
2021-10-17 11:27:38,705 - instabot version: 0.117.0 (api) - DEBUG - GET to endpoint: igtv/browse_feed/?prefetch=1 returned response: <Response [200]>
2021-10-17 11:27:39,094 - instabot version: 0.117.0 (api) - DEBUG - POST to endpoint: creatives/ar_class/ returned response: <Response [200]>
2021-10-17 11:27:39,564 - instabot version: 0.117.0 (api) - DEBUG - POST to endpoint: feed/reels_tray/ returned response: <Response [200]>
2021-10-17 11:27:40,576 - instabot version: 0.117.0 (api) - DEBUG - POST to endpoint: feed/timeline/ returned response: <Response [200]>
2021-10-17 11:27:40,964 - instabot version: 0.117.0 (api) - DEBUG - GET to endpoint: media/blocked/ returned response: <Response [200]>
2021-10-17 11:27:41,577 - instabot version: 0.117.0 (api) - DEBUG - GET to endpoint: news/inbox/ returned response: <Response [200]>
2021-10-17 11:27:41,974 - instabot version: 0.117.0 (api) - DEBUG - GET to endpoint: loom/fetch_config/ returned response: <Response [200]>
2021-10-17 11:27:42,444 - instabot version: 0.117.0 (api) - DEBUG - GET to endpoint: scores/bootstrap/users/?surfaces=["autocomplete_user_list","coefficient_besties_list_ranking","coefficient_rank_recipient_user_suggestion","coefficient_ios_section_test_bootstrap_ranking","coefficient_direct_recipients_ranking_variant_2"] returned response: <Response [200]>
2021-10-17 11:27:42,914 - instabot version: 0.117.0 (api) - DEBUG - GET to endpoint: business/eligibility/get_monetization_products_eligibility_data/?product_types=branded_content returned response: <Response [200]>
2021-10-17 11:27:43,179 - instabot version: 0.117.0 (bot_checkpoint) - DEBUG - Saving Checkpoint file to: /home/nacreousdawn596/Documents/instagram/config/bruh_quotes_official.checkpoint
2021-10-17 11:27:43,180 - instabot version: 0.117.0 (bot) - INFO - Total requests: 37
2021-10-17 11:27:43,186 - instabot version: 0.117.0 (bot_checkpoint) - DEBUG - Saving Checkpoint file to: /home/nacreousdawn596/Documents/instagram/config/bruh_quotes_official.checkpoint
2021-10-17 11:27:43,188 - instabot version: 0.117.0 (bot) - INFO - Total requests: 37
2021-10-17 11:27:43,193 - instabot version: 0.117.0 (bot_checkpoint) - DEBUG - Saving Checkpoint file to: /home/nacreousdawn596/Documents/instagram/config/bruh_quotes_official.checkpoint
2021-10-17 11:27:43,194 - instabot version: 0.117.0 (bot) - INFO - Total requests: 37
2021-10-17 11:27:43,200 - instabot version: 0.117.0 (bot_checkpoint) - DEBUG - Saving Checkpoint file to: /home/nacreousdawn596/Documents/instagram/config/bruh_quotes_official.checkpoint
2021-10-17 11:27:43,201 - instabot version: 0.117.0 (bot) - INFO - Total requests: 37
2021-10-17 11:27:43,206 - instabot version: 0.117.0 (bot_checkpoint) - DEBUG - Saving Checkpoint file to: /home/nacreousdawn596/Documents/instagram/config/bruh_quotes_official.checkpoint
2021-10-17 11:27:43,208 - instabot version: 0.117.0 (bot) - INFO - Total requests: 37
2021-10-17 11:27:43,213 - instabot version: 0.117.0 (bot_checkpoint) - DEBUG - Saving Checkpoint file to: /home/nacreousdawn596/Documents/instagram/config/bruh_quotes_official.checkpoint
2021-10-17 11:27:43,214 - instabot version: 0.117.0 (bot) - INFO - Total requests: 37
2021-10-17 11:27:43,219 - instabot version: 0.117.0 (bot_checkpoint) - DEBUG - Saving Checkpoint file to: /home/nacreousdawn596/Documents/instagram/config/bruh_quotes_official.checkpoint
2021-10-17 11:27:43,220 - instabot version: 0.117.0 (bot) - INFO - Total requests: 37
2021-10-17 11:27:43,228 - instabot version: 0.117.0 (bot_checkpoint) - DEBUG - Saving Checkpoint file to: /home/nacreousdawn596/Documents/instagram/config/bruh_quotes_official.checkpoint
2021-10-17 11:27:43,229 - instabot version: 0.117.0 (bot) - INFO - Total requests: 37
2021-10-17 11:27:43,235 - instabot version: 0.117.0 (bot_checkpoint) - DEBUG - Saving Checkpoint file to: /home/nacreousdawn596/Documents/instagram/config/bruh_quotes_official.checkpoint
2021-10-17 11:27:43,240 - instabot version: 0.117.0 (bot) - INFO - Total requests: 37
2021-10-17 11:27:43,245 - instabot version: 0.117.0 (bot_checkpoint) - DEBUG - Saving Checkpoint file to: /home/nacreousdawn596/Documents/instagram/config/bruh_quotes_official.checkpoint
2021-10-17 11:27:43,246 - instabot version: 0.117.0 (bot) - INFO - Total requests: 37
2021-10-17 11:27:43,252 - instabot version: 0.117.0 (bot_checkpoint) - DEBUG - Saving Checkpoint file to: /home/nacreousdawn596/Documents/instagram/config/bruh_quotes_official.checkpoint
2021-10-17 11:27:43,253 - instabot version: 0.117.0 (bot) - INFO - Total requests: 37
2021-10-17 11:27:43,258 - instabot version: 0.117.0 (bot_checkpoint) - DEBUG - Saving Checkpoint file to: /home/nacreousdawn596/Documents/instagram/config/bruh_quotes_official.checkpoint
2021-10-17 11:27:43,259 - instabot version: 0.117.0 (bot) - INFO - Total requests: 37
2021-10-17 11:27:43,265 - instabot version: 0.117.0 (bot_checkpoint) - DEBUG - Saving Checkpoint file to: /home/nacreousdawn596/Documents/instagram/config/bruh_quotes_official.checkpoint
2021-10-17 11:27:43,266 - instabot version: 0.117.0 (bot) - INFO - Total requests: 37
2021-10-17 11:27:43,271 - instabot version: 0.117.0 (bot_checkpoint) - DEBUG - Saving Checkpoint file to: /home/nacreousdawn596/Documents/instagram/config/bruh_quotes_official.checkpoint
2021-10-17 11:27:43,272 - instabot version: 0.117.0 (bot) - INFO - Total requests: 37
2021-10-17 11:27:43,283 - instabot version: 0.117.0 (bot_checkpoint) - DEBUG - Saving Checkpoint file to: /home/nacreousdawn596/Documents/instagram/config/bruh_quotes_official.checkpoint
2021-10-17 11:27:43,284 - instabot version: 0.117.0 (bot) - INFO - Total requests: 37
