2021-10-17 11:14:27,279 - instabot version: 0.117.0 (bot) - INFO - Instabot version: 0.117.0 Started
2021-10-17 11:14:27,280 - instabot version: 0.117.0 (bot) - DEBUG - Bot imported from /home/nacreousdawn596/.local/lib/python3.8/site-packages/instabot/bot/bot.py
2021-10-17 11:14:27,282 - instabot version: 0.117.0 (api_login) - INFO - Not yet logged in starting: PRE-LOGIN FLOW!
2021-10-17 11:14:27,818 - instabot version: 0.117.0 (api) - DEBUG - POST to endpoint: accounts/get_prefill_candidates/ returned response: <Response [200]>
2021-10-17 11:14:28,247 - instabot version: 0.117.0 (api) - DEBUG - POST to endpoint: qe/sync/ returned response: <Response [200]>
2021-10-17 11:14:28,575 - instabot version: 0.117.0 (api) - DEBUG - POST to endpoint: launcher/sync/ returned response: <Response [200]>
2021-10-17 11:14:28,996 - instabot version: 0.117.0 (api) - DEBUG - POST to endpoint: accounts/contact_point_prefill/ returned response: <Response [200]>
2021-10-17 11:14:31,457 - instabot version: 0.117.0 (api) - DEBUG - POST to endpoint: accounts/login/ returned response: <Response [200]>
2021-10-17 11:14:31,457 - instabot version: 0.117.0 (api) - INFO - Logged-in successfully as 'bruh_quotes_official'!
2021-10-17 11:14:31,458 - instabot version: 0.117.0 (api_login) - INFO - LOGIN FLOW! Just logged-in: True
2021-10-17 11:14:32,007 - instabot version: 0.117.0 (api) - DEBUG - POST to endpoint: qe/sync/ returned response: <Response [200]>
2021-10-17 11:14:32,436 - instabot version: 0.117.0 (api) - DEBUG - POST to endpoint: launcher/sync/ returned response: <Response [200]>
2021-10-17 11:14:32,956 - instabot version: 0.117.0 (api) - DEBUG - GET to endpoint: zr/token/result/?device_id=android-9def5abb09dbcc3a&token_hash=&custom_device_id=android-9def5abb09dbcc3a&fetch_reason=token_expired returned response: <Response [200]>
2021-10-17 11:14:33,387 - instabot version: 0.117.0 (api) - DEBUG - GET to endpoint: multiple_accounts/get_account_family/ returned response: <Response [200]>
2021-10-17 11:14:34,008 - instabot version: 0.117.0 (api) - DEBUG - POST to endpoint: qe/sync/ returned response: <Response [200]>
2021-10-17 11:14:34,927 - instabot version: 0.117.0 (api) - DEBUG - GET to endpoint: igtv/browse_feed/?prefetch=1 returned response: <Response [200]>
2021-10-17 11:14:35,429 - instabot version: 0.117.0 (api) - DEBUG - POST to endpoint: creatives/ar_class/ returned response: <Response [200]>
2021-10-17 11:14:35,938 - instabot version: 0.117.0 (api) - DEBUG - POST to endpoint: feed/reels_tray/ returned response: <Response [200]>
2021-10-17 11:14:37,435 - instabot version: 0.117.0 (api) - DEBUG - POST to endpoint: feed/timeline/ returned response: <Response [200]>
2021-10-17 11:14:38,156 - instabot version: 0.117.0 (api) - DEBUG - GET to endpoint: media/blocked/ returned response: <Response [200]>
2021-10-17 11:14:38,835 - instabot version: 0.117.0 (api) - DEBUG - GET to endpoint: news/inbox/ returned response: <Response [200]>
2021-10-17 11:14:39,277 - instabot version: 0.117.0 (api) - DEBUG - GET to endpoint: loom/fetch_config/ returned response: <Response [200]>
2021-10-17 11:14:39,796 - instabot version: 0.117.0 (api) - DEBUG - GET to endpoint: scores/bootstrap/users/?surfaces=["autocomplete_user_list","coefficient_besties_list_ranking","coefficient_rank_recipient_user_suggestion","coefficient_ios_section_test_bootstrap_ranking","coefficient_direct_recipients_ranking_variant_2"] returned response: <Response [200]>
2021-10-17 11:14:40,606 - instabot version: 0.117.0 (api) - DEBUG - GET to endpoint: business/eligibility/get_monetization_products_eligibility_data/?product_types=branded_content returned response: <Response [200]>
2021-10-17 11:14:41,017 - instabot version: 0.117.0 (api) - DEBUG - GET to endpoint: business/branded_content/should_require_professional_account/ returned response: <Response [200]>
2021-10-17 11:14:41,536 - instabot version: 0.117.0 (api) - DEBUG - GET to endpoint: linked_accounts/get_linkage_status/ returned response: <Response [200]>
2021-10-17 11:14:42,126 - instabot version: 0.117.0 (api) - DEBUG - GET to endpoint: locations/request_country/ returned response: <Response [200]>
2021-10-17 11:14:42,579 - instabot version: 0.117.0 (api) - DEBUG - GET to endpoint: qp/get_cooldowns/?signed_body=signed_body=4b9c516a5410a3bc128e09c6104a7f042146b9c2023870560c63a43a7f66781c.4&ig_sig_key_version=4&ig_sig_key_version=4 returned response: <Response [200]>
2021-10-17 11:14:42,988 - instabot version: 0.117.0 (api) - DEBUG - GET to endpoint: users/arlink_download_info/?version_override=2.2.1 returned response: <Response [200]>
2021-10-17 11:14:43,736 - instabot version: 0.117.0 (api) - DEBUG - GET to endpoint: users/49783138662/info/ returned response: <Response [200]>
2021-10-17 11:14:44,155 - instabot version: 0.117.0 (api) - DEBUG - GET to endpoint: direct_v2/get_presence/ returned response: <Response [200]>
2021-10-17 11:14:44,666 - instabot version: 0.117.0 (api) - DEBUG - GET to endpoint: direct_v2/inbox/?visual_message_return_type=unseen&thread_message_limit=10&persistentBadging=true&limit=20 returned response: <Response [200]>
2021-10-17 11:14:45,107 - instabot version: 0.117.0 (api) - DEBUG - GET to endpoint: direct_v2/inbox/?visual_message_return_type=unseen&persistentBadging=true&limit=0 returned response: <Response [200]>
2021-10-17 11:14:45,693 - instabot version: 0.117.0 (api) - DEBUG - GET to endpoint: discover/topical_explore/?is_prefetch=true&omit_cover_media=true&use_sectional_payload=true&timezone_offset=0&session_id=23bfa301-2143-4bd0-97b8-ae934b6be974&include_fixed_destinations=true returned response: <Response [200]>
2021-10-17 11:14:46,145 - instabot version: 0.117.0 (api) - DEBUG - POST to endpoint: notifications/badge/ returned response: <Response [200]>
2021-10-17 11:14:46,796 - instabot version: 0.117.0 (api) - DEBUG - POST to endpoint: qp/batch_fetch/ returned response: <Response [200]>
2021-10-17 11:14:46,797 - instabot version: 0.117.0 (bot_checkpoint) - DEBUG - Loading Checkpoint file from: /home/nacreousdawn596/Documents/instagram/config/bruh_quotes_official.checkpoint
2021-10-17 11:15:10,739 - instabot version: 0.117.0 (api) - DEBUG - POST to endpoint: media/configure/? returned response: <Response [200]>
2021-10-17 11:15:11,408 - instabot version: 0.117.0 (api) - DEBUG - POST to endpoint: qe/expose/ returned response: <Response [200]>
2021-10-17 11:15:11,415 - instabot version: 0.117.0 (bot_photo) - INFO - Photo 'post.jpeg' is uploaded.
2021-10-17 11:15:12,135 - instabot version: 0.117.0 (bot) - INFO - Instabot version: 0.117.0 Started
2021-10-17 11:15:12,136 - instabot version: 0.117.0 (bot) - DEBUG - Bot imported from /home/nacreousdawn596/.local/lib/python3.8/site-packages/instabot/bot/bot.py
2021-10-17 11:15:12,138 - instabot version: 0.117.0 (api_login) - INFO - Not yet logged in starting: PRE-LOGIN FLOW!
2021-10-17 11:15:12,479 - instabot version: 0.117.0 (api) - DEBUG - POST to endpoint: accounts/get_prefill_candidates/ returned response: <Response [200]>
2021-10-17 11:15:13,157 - instabot version: 0.117.0 (api) - DEBUG - POST to endpoint: qe/sync/ returned response: <Response [200]>
2021-10-17 11:15:13,757 - instabot version: 0.117.0 (api) - DEBUG - POST to endpoint: launcher/sync/ returned response: <Response [200]>
2021-10-17 11:15:14,186 - instabot version: 0.117.0 (api) - DEBUG - POST to endpoint: accounts/contact_point_prefill/ returned response: <Response [200]>
2021-10-17 11:15:16,878 - instabot version: 0.117.0 (api) - DEBUG - POST to endpoint: accounts/login/ returned response: <Response [200]>
2021-10-17 11:15:16,878 - instabot version: 0.117.0 (api) - INFO - Logged-in successfully as 'bruh_quotes_official'!
2021-10-17 11:15:16,880 - instabot version: 0.117.0 (api_login) - INFO - LOGIN FLOW! Just logged-in: True
2021-10-17 11:15:17,589 - instabot version: 0.117.0 (api) - DEBUG - POST to endpoint: qe/sync/ returned response: <Response [200]>
2021-10-17 11:15:18,037 - instabot version: 0.117.0 (api) - DEBUG - POST to endpoint: launcher/sync/ returned response: <Response [200]>
2021-10-17 11:15:18,480 - instabot version: 0.117.0 (api) - DEBUG - GET to endpoint: zr/token/result/?device_id=android-9def5abb09dbcc3a&token_hash=&custom_device_id=android-9def5abb09dbcc3a&fetch_reason=token_expired returned response: <Response [200]>
2021-10-17 11:15:18,918 - instabot version: 0.117.0 (api) - DEBUG - GET to endpoint: multiple_accounts/get_account_family/ returned response: <Response [200]>
2021-10-17 11:15:19,471 - instabot version: 0.117.0 (api) - DEBUG - POST to endpoint: qe/sync/ returned response: <Response [200]>
2021-10-17 11:15:20,176 - instabot version: 0.117.0 (api) - DEBUG - GET to endpoint: igtv/browse_feed/?prefetch=1 returned response: <Response [200]>
2021-10-17 11:15:20,648 - instabot version: 0.117.0 (api) - DEBUG - POST to endpoint: creatives/ar_class/ returned response: <Response [200]>
2021-10-17 11:15:21,153 - instabot version: 0.117.0 (api) - DEBUG - POST to endpoint: feed/reels_tray/ returned response: <Response [200]>
2021-10-17 11:15:22,433 - instabot version: 0.117.0 (api) - DEBUG - POST to endpoint: feed/timeline/ returned response: <Response [200]>
2021-10-17 11:15:22,797 - instabot version: 0.117.0 (api) - DEBUG - GET to endpoint: media/blocked/ returned response: <Response [200]>
2021-10-17 11:15:23,444 - instabot version: 0.117.0 (api) - DEBUG - GET to endpoint: news/inbox/ returned response: <Response [200]>
2021-10-17 11:15:23,866 - instabot version: 0.117.0 (api) - DEBUG - GET to endpoint: loom/fetch_config/ returned response: <Response [200]>
2021-10-17 11:15:24,416 - instabot version: 0.117.0 (api) - DEBUG - GET to endpoint: scores/bootstrap/users/?surfaces=["autocomplete_user_list","coefficient_besties_list_ranking","coefficient_rank_recipient_user_suggestion","coefficient_ios_section_test_bootstrap_ranking","coefficient_direct_recipients_ranking_variant_2"] returned response: <Response [200]>
2021-10-17 11:15:25,046 - instabot version: 0.117.0 (api) - DEBUG - GET to endpoint: business/eligibility/get_monetization_products_eligibility_data/?product_types=branded_content returned response: <Response [200]>
2021-10-17 11:15:25,506 - instabot version: 0.117.0 (api) - DEBUG - GET to endpoint: business/branded_content/should_require_professional_account/ returned response: <Response [200]>
2021-10-17 11:15:26,796 - instabot version: 0.117.0 (api) - DEBUG - GET to endpoint: linked_accounts/get_linkage_status/ returned response: <Response [200]>
2021-10-17 11:15:27,187 - instabot version: 0.117.0 (api) - DEBUG - GET to endpoint: locations/request_country/ returned response: <Response [200]>
2021-10-17 11:15:27,807 - instabot version: 0.117.0 (api) - DEBUG - GET to endpoint: qp/get_cooldowns/?signed_body=signed_body=4b9c516a5410a3bc128e09c6104a7f042146b9c2023870560c63a43a7f66781c.4&ig_sig_key_version=4&ig_sig_key_version=4 returned response: <Response [200]>
2021-10-17 11:15:28,726 - instabot version: 0.117.0 (api) - DEBUG - GET to endpoint: users/arlink_download_info/?version_override=2.2.1 returned response: <Response [200]>
2021-10-17 11:15:29,990 - instabot version: 0.117.0 (api) - DEBUG - GET to endpoint: users/49783138662/info/ returned response: <Response [200]>
2021-10-17 11:15:31,086 - instabot version: 0.117.0 (api) - DEBUG - GET to endpoint: direct_v2/get_presence/ returned response: <Response [200]>
2021-10-17 11:15:33,277 - instabot version: 0.117.0 (api) - DEBUG - GET to endpoint: direct_v2/inbox/?visual_message_return_type=unseen&thread_message_limit=10&persistentBadging=true&limit=20 returned response: <Response [200]>
2021-10-17 11:15:34,047 - instabot version: 0.117.0 (api) - DEBUG - GET to endpoint: direct_v2/inbox/?visual_message_return_type=unseen&persistentBadging=true&limit=0 returned response: <Response [200]>
2021-10-17 11:15:34,535 - instabot version: 0.117.0 (api) - DEBUG - GET to endpoint: discover/topical_explore/?is_prefetch=true&omit_cover_media=true&use_sectional_payload=true&timezone_offset=0&session_id=f8103739-641f-4f9c-91f5-e29f8b14b486&include_fixed_destinations=true returned response: <Response [200]>
2021-10-17 11:15:35,046 - instabot version: 0.117.0 (api) - DEBUG - POST to endpoint: notifications/badge/ returned response: <Response [200]>
2021-10-17 11:15:36,067 - instabot version: 0.117.0 (api) - DEBUG - POST to endpoint: qp/batch_fetch/ returned response: <Response [200]>
2021-10-17 11:15:36,068 - instabot version: 0.117.0 (bot_checkpoint) - DEBUG - Loading Checkpoint file from: /home/nacreousdawn596/Documents/instagram/config/bruh_quotes_official.checkpoint
2021-10-17 11:16:00,528 - instabot version: 0.117.0 (api) - DEBUG - POST to endpoint: media/configure/? returned response: <Response [200]>
2021-10-17 11:16:00,966 - instabot version: 0.117.0 (api) - DEBUG - POST to endpoint: qe/expose/ returned response: <Response [200]>
2021-10-17 11:16:00,971 - instabot version: 0.117.0 (bot_photo) - INFO - Photo 'post.jpeg' is uploaded.
2021-10-17 11:16:01,696 - instabot version: 0.117.0 (bot) - INFO - Instabot version: 0.117.0 Started
2021-10-17 11:16:01,697 - instabot version: 0.117.0 (bot) - DEBUG - Bot imported from /home/nacreousdawn596/.local/lib/python3.8/site-packages/instabot/bot/bot.py
2021-10-17 11:16:01,698 - instabot version: 0.117.0 (api_login) - INFO - Not yet logged in starting: PRE-LOGIN FLOW!
2021-10-17 11:16:02,036 - instabot version: 0.117.0 (api) - DEBUG - POST to endpoint: accounts/get_prefill_candidates/ returned response: <Response [200]>
2021-10-17 11:16:02,647 - instabot version: 0.117.0 (api) - DEBUG - POST to endpoint: qe/sync/ returned response: <Response [200]>
2021-10-17 11:16:03,036 - instabot version: 0.117.0 (api) - DEBUG - POST to endpoint: launcher/sync/ returned response: <Response [200]>
2021-10-17 11:16:03,356 - instabot version: 0.117.0 (api) - DEBUG - POST to endpoint: accounts/contact_point_prefill/ returned response: <Response [200]>
2021-10-17 11:16:05,868 - instabot version: 0.117.0 (api) - DEBUG - POST to endpoint: accounts/login/ returned response: <Response [200]>
2021-10-17 11:16:05,870 - instabot version: 0.117.0 (api) - INFO - Logged-in successfully as 'bruh_quotes_official'!
2021-10-17 11:16:05,871 - instabot version: 0.117.0 (api_login) - INFO - LOGIN FLOW! Just logged-in: True
2021-10-17 11:16:06,413 - instabot version: 0.117.0 (api) - DEBUG - POST to endpoint: qe/sync/ returned response: <Response [200]>
2021-10-17 11:16:06,888 - instabot version: 0.117.0 (api) - DEBUG - POST to endpoint: launcher/sync/ returned response: <Response [200]>
2021-10-17 11:16:07,277 - instabot version: 0.117.0 (api) - DEBUG - GET to endpoint: zr/token/result/?device_id=android-9def5abb09dbcc3a&token_hash=&custom_device_id=android-9def5abb09dbcc3a&fetch_reason=token_expired returned response: <Response [200]>
2021-10-17 11:16:07,898 - instabot version: 0.117.0 (api) - DEBUG - GET to endpoint: multiple_accounts/get_account_family/ returned response: <Response [200]>
2021-10-17 11:16:09,247 - instabot version: 0.117.0 (api) - DEBUG - POST to endpoint: qe/sync/ returned response: <Response [200]>
2021-10-17 11:16:09,990 - instabot version: 0.117.0 (api) - DEBUG - GET to endpoint: igtv/browse_feed/?prefetch=1 returned response: <Response [200]>
2021-10-17 11:16:10,747 - instabot version: 0.117.0 (api) - DEBUG - POST to endpoint: creatives/ar_class/ returned response: <Response [200]>
2021-10-17 11:16:11,623 - instabot version: 0.117.0 (api) - DEBUG - POST to endpoint: feed/reels_tray/ returned response: <Response [200]>
2021-10-17 11:16:13,525 - instabot version: 0.117.0 (api) - DEBUG - POST to endpoint: feed/timeline/ returned response: <Response [200]>
2021-10-17 11:16:13,938 - instabot version: 0.117.0 (api) - DEBUG - GET to endpoint: media/blocked/ returned response: <Response [200]>
2021-10-17 11:16:14,634 - instabot version: 0.117.0 (api) - DEBUG - GET to endpoint: news/inbox/ returned response: <Response [200]>
2021-10-17 11:16:15,096 - instabot version: 0.117.0 (api) - DEBUG - GET to endpoint: loom/fetch_config/ returned response: <Response [200]>
2021-10-17 11:16:15,616 - instabot version: 0.117.0 (api) - DEBUG - GET to endpoint: scores/bootstrap/users/?surfaces=["autocomplete_user_list","coefficient_besties_list_ranking","coefficient_rank_recipient_user_suggestion","coefficient_ios_section_test_bootstrap_ranking","coefficient_direct_recipients_ranking_variant_2"] returned response: <Response [200]>
2021-10-17 11:16:16,126 - instabot version: 0.117.0 (api) - DEBUG - GET to endpoint: business/eligibility/get_monetization_products_eligibility_data/?product_types=branded_content returned response: <Response [200]>
2021-10-17 11:16:16,566 - instabot version: 0.117.0 (api) - DEBUG - GET to endpoint: business/branded_content/should_require_professional_account/ returned response: <Response [200]>
2021-10-17 11:16:16,981 - instabot version: 0.117.0 (api) - DEBUG - GET to endpoint: linked_accounts/get_linkage_status/ returned response: <Response [200]>
2021-10-17 11:16:17,447 - instabot version: 0.117.0 (api) - DEBUG - GET to endpoint: locations/request_country/ returned response: <Response [200]>
2021-10-17 11:16:17,857 - instabot version: 0.117.0 (api) - DEBUG - GET to endpoint: qp/get_cooldowns/?signed_body=signed_body=4b9c516a5410a3bc128e09c6104a7f042146b9c2023870560c63a43a7f66781c.4&ig_sig_key_version=4&ig_sig_key_version=4 returned response: <Response [200]>
2021-10-17 11:16:18,155 - instabot version: 0.117.0 (bot_checkpoint) - DEBUG - Saving Checkpoint file to: /home/nacreousdawn596/Documents/instagram/config/bruh_quotes_official.checkpoint
2021-10-17 11:16:18,155 - instabot version: 0.117.0 (bot) - INFO - Total requests: 35
2021-10-17 11:16:18,156 - instabot version: 0.117.0 (bot_checkpoint) - DEBUG - Saving Checkpoint file to: /home/nacreousdawn596/Documents/instagram/config/bruh_quotes_official.checkpoint
2021-10-17 11:16:18,157 - instabot version: 0.117.0 (bot) - INFO - Total requests: 35
